/home/artur/school/DO4_LinuxMonitoring_v2.0-1/src/test/test2/test2 2/aaaaaaaaaaaaaaaaaaaaaaaabccc_140124/aabccc_140124
/home/artur/school/DO4_LinuxMonitoring_v2.0-1/src/test/test2/test2 2/aaaaaaaaaaaaaaaaaaaaaaaabccc_140124/hhderr.as_140124  140124  99kb
/home/artur/school/DO4_LinuxMonitoring_v2.0-1/src/test/test2/test2 2/aaaaaaaaaaaaaaaaaaaaaaaabccc_140124/hhhderr.as_140124  140124  99kb
/home/artur/school/DO4_LinuxMonitoring_v2.0-1/src/test/test2/test2 2/aaabccc_140124
/home/artur/school/DO4_LinuxMonitoring_v2.0-1/src/test/test2/test2 2/hhhhderr.as_140124  140124  99kb
/home/artur/school/DO4_LinuxMonitoring_v2.0-1/src/test/test2/test2 2/hhhhhderr.as_140124  140124  99kb
/home/artur/school/DO4_LinuxMonitoring_v2.0-1/src/test/test2/test2 2/hhhhhhderr.as_140124  140124  99kb
/home/artur/school/DO4_LinuxMonitoring_v2.0-1/src/test/test2/test2 2/hhhhhhhderr.as_140124  140124  99kb
/home/artur/school/DO4_LinuxMonitoring_v2.0-1/src/test/test2/test2 2/hhhhhhhhderr.as_140124  140124  99kb
/home/artur/school/DO4_LinuxMonitoring_v2.0-1/src/test/test2/test2 2/hhhhhhhhhderr.as_140124  140124  99kb
/home/artur/school/DO4_LinuxMonitoring_v2.0-1/src/test/test2/test2 2/hhhhhhhhhhderr.as_140124  140124  99kb
/home/artur/school/DO4_LinuxMonitoring_v2.0-1/src/test/test2/test2 2/hhhhhhhhhhhderr.as_140124  140124  99kb
/home/artur/school/DO4_LinuxMonitoring_v2.0-1/src/test/test2/test2 2/hhhhhhhhhhhhderr.as_140124  140124  99kb
/home/artur/school/DO4_LinuxMonitoring_v2.0-1/src/test/test2/test2 2/hhhhhhhhhhhhhderr.as_140124  140124  99kb
/home/artur/school/DO4_LinuxMonitoring_v2.0-1/src/test/test2/test2 2/aaaaaaaaaaaaaaaaaabccc_140124/aaaabccc_140124
/home/artur/school/DO4_LinuxMonitoring_v2.0-1/src/test/test2/test2 2/aaaaaaaaaaaaaaaaaabccc_140124/hhhhhhhhhhhhhhderr.as_140124  140124  99kb
/home/artur/school/DO4_LinuxMonitoring_v2.0-1/src/test/test2/test2 2/aaaaaaaaaaaaaaaaaabccc_140124/hhhhhhhhhhhhhhhderr.as_140124  140124  99kb
/home/artur/school/DO4_LinuxMonitoring_v2.0-1/src/test/test2/test2 2/aaaaaaaaaaaaaaaaaabccc_140124/hhhhhhhhhhhhhhhhderr.as_140124  140124  99kb
/home/artur/school/DO4_LinuxMonitoring_v2.0-1/src/test/test4/aaaaabccc_140124
/home/artur/school/DO4_LinuxMonitoring_v2.0-1/src/test/test4/hhhhhhhhhhhhhhhhhderr.as_140124  140124  99kb
/home/artur/school/DO4_LinuxMonitoring_v2.0-1/src/test/test2/test2 2/aaaaaaaaaaaaaaaaaabccc_140124/aaaaaabccc_140124
/home/artur/school/DO4_LinuxMonitoring_v2.0-1/src/test/test1/aaaaaaabccc_140124
/home/artur/school/DO4_LinuxMonitoring_v2.0-1/src/test/test1/hhhhhhhhhhhhhhhhhhderr.as_140124  140124  99kb
/home/artur/school/DO4_LinuxMonitoring_v2.0-1/src/test/test1/hhhhhhhhhhhhhhhhhhhderr.as_140124  140124  99kb
/home/artur/school/DO4_LinuxMonitoring_v2.0-1/src/test/test1/hhhhhhhhhhhhhhhhhhhhderr.as_140124  140124  99kb
/home/artur/school/DO4_LinuxMonitoring_v2.0-1/src/test/test1/hhhhhhhhhhhhhhhhhhhhhderr.as_140124  140124  99kb
/home/artur/school/DO4_LinuxMonitoring_v2.0-1/src/test/test1/hhhhhhhhhhhhhhhhhhhhhhderr.as_140124  140124  99kb
/home/artur/school/DO4_LinuxMonitoring_v2.0-1/src/test/test1/hhhhhhhhhhhhhhhhhhhhhhhderr.as_140124  140124  99kb
/home/artur/school/DO4_LinuxMonitoring_v2.0-1/src/test/test1/hhhhhhhhhhhhhhhhhhhhhhhhderr.as_140124  140124  99kb
/home/artur/school/DO4_LinuxMonitoring_v2.0-1/src/test/test2/test2 2/aaaaaaaaaaaaaaaaaaaaaaaaaaabccc_140124/aaaaaaaabccc_140124
/home/artur/school/DO4_LinuxMonitoring_v2.0-1/src/test/test2/test2 2/aaaaaaaaaaaaaaaaaaaaaaaaaaabccc_140124/hhhhhhhhhhhhhhhhhhhhhhhhhderr.as_140124  140124  99kb
/home/artur/school/DO4_LinuxMonitoring_v2.0-1/src/test/test2/test2 2/aaaaaaaaaaaaaaaaaaaaaaaaaaabccc_140124/hhhhhhhhhhhhhhhhhhhhhhhhhhderr.as_140124  140124  99kb
/home/artur/school/DO4_LinuxMonitoring_v2.0-1/src/test/test2/test2 2/aaaaaaaaaaaaaaaaaaaaaaaaaaabccc_140124/hhhhhhhhhhhhhhhhhhhhhhhhhhhderr.as_140124  140124  99kb
/home/artur/school/DO4_LinuxMonitoring_v2.0-1/src/test/test2/test2 2/aaaaaaaaaaaaaaaaaaaaaaaaaaabccc_140124/hhhhhhhhhhhhhhhhhhhhhhhhhhhhderr.as_140124  140124  99kb
/home/artur/school/DO4_LinuxMonitoring_v2.0-1/src/test/test2/test2 2/aaaaaaaaaaaaaaaaaaaaaaaaaaabccc_140124/hhhhhhhhhhhhhhhhhhhhhhhhhhhhhderr.as_140124  140124  99kb
/home/artur/school/DO4_LinuxMonitoring_v2.0-1/src/test/test2/test2 2/aaaaaaaaaaaaaaaaaaaaaaaaaaabccc_140124/hhhhhhhhhhhhhhhhhhhhhhhhhhhhhhderr.as_140124  140124  99kb
/home/artur/school/DO4_LinuxMonitoring_v2.0-1/src/test/test2/test2 2/aaaaaaaaaaaaaaaaaaaaaaaaaaabccc_140124/hhhhhhhhhhhhhhhhhhhhhhhhhhhhhhhderr.as_140124  140124  99kb
/home/artur/school/DO4_LinuxMonitoring_v2.0-1/src/test/test2/test2 2/aaaaaaaaaaaaaaaaaaaaaaaaaaabccc_140124/hhhhhhhhhhhhhhhhhhhhhhhhhhhhhhhhderr.as_140124  140124  99kb
/home/artur/school/DO4_LinuxMonitoring_v2.0-1/src/test/test3/aaaaaaaaabccc_140124
/home/artur/school/DO4_LinuxMonitoring_v2.0-1/src/test/test3/hhhhhhhhhhhhhhhhhhhhhhhhhhhhhhhhhderr.as_140124  140124  99kb
/home/artur/school/DO4_LinuxMonitoring_v2.0-1/src/test/test3/hhhhhhhhhhhhhhhhhhhhhhhhhhhhhhhhhhderr.as_140124  140124  99kb
/home/artur/school/DO4_LinuxMonitoring_v2.0-1/src/test/test3/hhhhhhhhhhhhhhhhhhhhhhhhhhhhhhhhhhhderr.as_140124  140124  99kb
/home/artur/school/DO4_LinuxMonitoring_v2.0-1/src/test/test3/hhhhhhhhhhhhhhhhhhhhhhhhhhhhhhhhhhhhderr.as_140124  140124  99kb
/home/artur/school/DO4_LinuxMonitoring_v2.0-1/src/test/test3/hhhhhhhhhhhhhhhhhhhhhhhhhhhhhhhhhhhhhderr.as_140124  140124  99kb
/home/artur/school/DO4_LinuxMonitoring_v2.0-1/src/test/test3/hhhhhhhhhhhhhhhhhhhhhhhhhhhhhhhhhhhhhhderr.as_140124  140124  99kb
/home/artur/school/DO4_LinuxMonitoring_v2.0-1/src/test/test3/hhhhhhhhhhhhhhhhhhhhhhhhhhhhhhhhhhhhhhhderr.as_140124  140124  99kb
/home/artur/school/DO4_LinuxMonitoring_v2.0-1/src/test/test3/hhhhhhhhhhhhhhhhhhhhhhhhhhhhhhhhhhhhhhhhderr.as_140124  140124  99kb
/home/artur/school/DO4_LinuxMonitoring_v2.0-1/src/test/test3/hhhhhhhhhhhhhhhhhhhhhhhhhhhhhhhhhhhhhhhhhderr.as_140124  140124  99kb
/home/artur/school/DO4_LinuxMonitoring_v2.0-1/src/test/test3/hhhhhhhhhhhhhhhhhhhhhhhhhhhhhhhhhhhhhhhhhhderr.as_140124  140124  99kb
/home/artur/school/DO4_LinuxMonitoring_v2.0-1/src/test/test2/test2 2/aaabccc_140124/aaaaaaaaaabccc_140124
/home/artur/school/DO4_LinuxMonitoring_v2.0-1/src/test/test2/test2 2/aaabccc_140124/hhhhhhhhhhhhhhhhhhhhhhhhhhhhhhhhhhhhhhhhhhhderr.as_140124  140124  99kb
/home/artur/school/DO4_LinuxMonitoring_v2.0-1/src/test/test2/test2 2/aaabccc_140124/hhhhhhhhhhhhhhhhhhhhhhhhhhhhhhhhhhhhhhhhhhhhderr.as_140124  140124  99kb
/home/artur/school/DO4_LinuxMonitoring_v2.0-1/src/test/test2/test2 2/aaabccc_140124/hhhhhhhhhhhhhhhhhhhhhhhhhhhhhhhhhhhhhhhhhhhhhderr.as_140124  140124  99kb
/home/artur/school/DO4_LinuxMonitoring_v2.0-1/src/test/test2/test2 2/aaabccc_140124/hhhhhhhhhhhhhhhhhhhhhhhhhhhhhhhhhhhhhhhhhhhhhhderr.as_140124  140124  99kb
/home/artur/school/DO4_LinuxMonitoring_v2.0-1/src/test/test4/aaaaaaaaaaabccc_140124
/home/artur/school/DO4_LinuxMonitoring_v2.0-1/src/test/test4/hhhhhhhhhhhhhhhhhhhhhhhhhhhhhhhhhhhhhhhhhhhhhhhderr.as_140124  140124  99kb
/home/artur/school/DO4_LinuxMonitoring_v2.0-1/src/test/test4/hhhhhhhhhhhhhhhhhhhhhhhhhhhhhhhhhhhhhhhhhhhhhhhhderr.as_140124  140124  99kb
/home/artur/school/DO4_LinuxMonitoring_v2.0-1/src/test/test2/test2 2/aaaaaaaaaaaaaaaaaabccc_140124/aaaaaaaaaaaabccc_140124
/home/artur/school/DO4_LinuxMonitoring_v2.0-1/src/test/test2/test2 2/aaaaaaaaaaaaaaaaaabccc_140124/hhhhhhhhhhhhhhhhhhhhhhhhhhhhhhhhhhhhhhhhhhhhhhhhhderr.as_140124  140124  99kb
/home/artur/school/DO4_LinuxMonitoring_v2.0-1/src/test/test2/test2 2/aaaaaaaaaaaaaaaaaabccc_140124/hhhhhhhhhhhhhhhhhhhhhhhhhhhhhhhhhhhhhhhhhhhhhhhhhhderr.as_140124  140124  99kb
/home/artur/school/DO4_LinuxMonitoring_v2.0-1/src/test/test2/test2 2/aaaaaaaaaaaaaaaaaaaaaaaaaaabccc_140124/aaaaaaaaaaaaabccc_140124
/home/artur/school/DO4_LinuxMonitoring_v2.0-1/src/test/test2/test2 2/aaaaaaaaaaaaaaaaaaaaaaaaaaabccc_140124/hhhhhhhhhhhhhhhhhhhhhhhhhhhhhhhhhhhhhhhhhhhhhhhhhhhderr.as_140124  140124  99kb
/home/artur/school/DO4_LinuxMonitoring_v2.0-1/src/test/test2/test2 2/aaaaaaaaaaaaaaaaaaaaaaaaaaabccc_140124/hhhhhhhhhhhhhhhhhhhhhhhhhhhhhhhhhhhhhhhhhhhhhhhhhhhhderr.as_140124  140124  99kb
/home/artur/school/DO4_LinuxMonitoring_v2.0-1/src/test/test2/test2 2/aaaaaaaaaaaaaaaaaaaaaaaaaaabccc_140124/hhhhhhhhhhhhhhhhhhhhhhhhhhhhhhhhhhhhhhhhhhhhhhhhhhhhhderr.as_140124  140124  99kb
/home/artur/school/DO4_LinuxMonitoring_v2.0-1/src/test/test2/test2 2/aaaaaaaaaaaaaaaaaaaaaaaaaaabccc_140124/hhhhhhhhhhhhhhhhhhhhhhhhhhhhhhhhhhhhhhhhhhhhhhhhhhhhhhderr.as_140124  140124  99kb
/home/artur/school/DO4_LinuxMonitoring_v2.0-1/src/test/test2/test2 2/aaaaaaaaaaaaaaaaaaaaaaaaaaabccc_140124/hhhhhhhhhhhhhhhhhhhhhhhhhhhhhhhhhhhhhhhhhhhhhhhhhhhhhhhderr.as_140124  140124  99kb
/home/artur/school/DO4_LinuxMonitoring_v2.0-1/src/test/test2/test2 2/aaaaaaaaaaaaaaaaaaaaaaaaaaabccc_140124/hhhhhhhhhhhhhhhhhhhhhhhhhhhhhhhhhhhhhhhhhhhhhhhhhhhhhhhhderr.as_140124  140124  99kb
/home/artur/school/DO4_LinuxMonitoring_v2.0-1/src/test/test2/test2 2/aaaaaaaaaaaaaaaaaaaaaaaaaaabccc_140124/hhhhhhhhhhhhhhhhhhhhhhhhhhhhhhhhhhhhhhhhhhhhhhhhhhhhhhhhhderr.as_140124  140124  99kb
/home/artur/school/DO4_LinuxMonitoring_v2.0-1/src/test/test2/test2 2/aaaaaaaaaaaaaaaaaaaaaaaaaaabccc_140124/hhhhhhhhhhhhhhhhhhhhhhhhhhhhhhhhhhhhhhhhhhhhhhhhhhhhhhhhhhderr.as_140124  140124  99kb
/home/artur/school/DO4_LinuxMonitoring_v2.0-1/src/test/test2/test2 2/aaaaaaaaaaaaaaaaaaaaaaaaaaabccc_140124/aaaaaaaaaaaaaabccc_140124
/home/artur/school/DO4_LinuxMonitoring_v2.0-1/src/test/test2/test2 2/aaaaaaaaaaaaaaaaaaaaaaaaaaabccc_140124/hhhhhhhhhhhhhhhhhhhhhhhhhhhhhhhhhhhhhhhhhhhhhhhhhhhhhhhhhhhderr.as_140124  140124  99kb
/home/artur/school/DO4_LinuxMonitoring_v2.0-1/src/test/test2/test2 2/aaaaaaaaaaaaaaaaaaaaaaaaaaabccc_140124/hhhhhhhhhhhhhhhhhhhhhhhhhhhhhhhhhhhhhhhhhhhhhhhhhhhhhhhhhhhhderr.as_140124  140124  99kb
/home/artur/school/DO4_LinuxMonitoring_v2.0-1/src/test/test2/test2 2/aaaaaaaaaaaaaaaaaaaaaaaaaaabccc_140124/hhhhhhhhhhhhhhhhhhhhhhhhhhhhhhhhhhhhhhhhhhhhhhhhhhhhhhhhhhhhhderr.as_140124  140124  99kb
/home/artur/school/DO4_LinuxMonitoring_v2.0-1/src/test/test2/test2 2/aaaaaaaaaaaaaaaaaaaaaaaaaaabccc_140124/hhhhhhhhhhhhhhhhhhhhhhhhhhhhhhhhhhhhhhhhhhhhhhhhhhhhhhhhhhhhhhderr.as_140124  140124  99kb
/home/artur/school/DO4_LinuxMonitoring_v2.0-1/src/test/test2/test2 2/aaaaaaaaaaaaaaaaaaaaaaaaaaabccc_140124/hhhhhhhhhhhhhhhhhhhhhhhhhhhhhhhhhhhhhhhhhhhhhhhhhhhhhhhhhhhhhhhderr.as_140124  140124  99kb
/home/artur/school/DO4_LinuxMonitoring_v2.0-1/src/test/test1/test1_1/aaaaaaaaaaaaaaabccc_140124
/home/artur/school/DO4_LinuxMonitoring_v2.0-1/src/test/test1/test1_1/hhhhhhhhhhhhhhhhhhhhhhhhhhhhhhhhhhhhhhhhhhhhhhhhhhhhhhhhhhhhhhhhderr.as_140124  140124  99kb
/home/artur/school/DO4_LinuxMonitoring_v2.0-1/src/test/test1/test1_1/hhhhhhhhhhhhhhhhhhhhhhhhhhhhhhhhhhhhhhhhhhhhhhhhhhhhhhhhhhhhhhhhhderr.as_140124  140124  99kb
/home/artur/school/DO4_LinuxMonitoring_v2.0-1/src/test/test2/test2 2/aaaaaaaaaaaaaaaaaaaaaaaaaaabccc_140124/aaaaaaaaaaaaaaaabccc_140124
/home/artur/school/DO4_LinuxMonitoring_v2.0-1/src/test/test2/test2 2/aaaaaaaaaaaaaaaaaaaaaaaaaaabccc_140124/hhhhhhhhhhhhhhhhhhhhhhhhhhhhhhhhhhhhhhhhhhhhhhhhhhhhhhhhhhhhhhhhhhderr.as_140124  140124  99kb
/home/artur/school/DO4_LinuxMonitoring_v2.0-1/src/test/test4/aaaaaaaaaaaaaaaaabccc_140124
/home/artur/school/DO4_LinuxMonitoring_v2.0-1/src/test/test4/hhhhhhhhhhhhhhhhhhhhhhhhhhhhhhhhhhhhhhhhhhhhhhhhhhhhhhhhhhhhhhhhhhhderr.as_140124  140124  99kb
/home/artur/school/DO4_LinuxMonitoring_v2.0-1/src/test/test4/hhhhhhhhhhhhhhhhhhhhhhhhhhhhhhhhhhhhhhhhhhhhhhhhhhhhhhhhhhhhhhhhhhhhderr.as_140124  140124  99kb
/home/artur/school/DO4_LinuxMonitoring_v2.0-1/src/test/test4/hhhhhhhhhhhhhhhhhhhhhhhhhhhhhhhhhhhhhhhhhhhhhhhhhhhhhhhhhhhhhhhhhhhhhderr.as_140124  140124  99kb
/home/artur/school/DO4_LinuxMonitoring_v2.0-1/src/test/test4/hhhhhhhhhhhhhhhhhhhhhhhhhhhhhhhhhhhhhhhhhhhhhhhhhhhhhhhhhhhhhhhhhhhhhhderr.as_140124  140124  99kb
/home/artur/school/DO4_LinuxMonitoring_v2.0-1/src/test/test4/hhhhhhhhhhhhhhhhhhhhhhhhhhhhhhhhhhhhhhhhhhhhhhhhhhhhhhhhhhhhhhhhhhhhhhhderr.as_140124  140124  99kb
/home/artur/school/DO4_LinuxMonitoring_v2.0-1/src/test/test4/hhhhhhhhhhhhhhhhhhhhhhhhhhhhhhhhhhhhhhhhhhhhhhhhhhhhhhhhhhhhhhhhhhhhhhhhderr.as_140124  140124  99kb
/home/artur/school/DO4_LinuxMonitoring_v2.0-1/src/test/test4/hhhhhhhhhhhhhhhhhhhhhhhhhhhhhhhhhhhhhhhhhhhhhhhhhhhhhhhhhhhhhhhhhhhhhhhhhderr.as_140124  140124  99kb
/home/artur/school/DO4_LinuxMonitoring_v2.0-1/src/test/test4/hhhhhhhhhhhhhhhhhhhhhhhhhhhhhhhhhhhhhhhhhhhhhhhhhhhhhhhhhhhhhhhhhhhhhhhhhhderr.as_140124  140124  99kb
/home/artur/school/DO4_LinuxMonitoring_v2.0-1/src/test/test2/test2 2/aaaaaaaaaaaaaaaaaabccc_140124
/home/artur/school/DO4_LinuxMonitoring_v2.0-1/src/test/test2/test2 2/hhhhhhhhhhhhhhhhhhhhhhhhhhhhhhhhhhhhhhhhhhhhhhhhhhhhhhhhhhhhhhhhhhhhhhhhhhhderr.as_140124  140124  99kb
/home/artur/school/DO4_LinuxMonitoring_v2.0-1/src/test/test2/test2 2/hhhhhhhhhhhhhhhhhhhhhhhhhhhhhhhhhhhhhhhhhhhhhhhhhhhhhhhhhhhhhhhhhhhhhhhhhhhhderr.as_140124  140124  99kb
/home/artur/school/DO4_LinuxMonitoring_v2.0-1/src/test/test2/test2 2/hhhhhhhhhhhhhhhhhhhhhhhhhhhhhhhhhhhhhhhhhhhhhhhhhhhhhhhhhhhhhhhhhhhhhhhhhhhhhderr.as_140124  140124  99kb
/home/artur/school/DO4_LinuxMonitoring_v2.0-1/src/test/test2/test2 2/hhhhhhhhhhhhhhhhhhhhhhhhhhhhhhhhhhhhhhhhhhhhhhhhhhhhhhhhhhhhhhhhhhhhhhhhhhhhhhderr.as_140124  140124  99kb
/home/artur/school/DO4_LinuxMonitoring_v2.0-1/src/test/test2/test2 2/hhhhhhhhhhhhhhhhhhhhhhhhhhhhhhhhhhhhhhhhhhhhhhhhhhhhhhhhhhhhhhhhhhhhhhhhhhhhhhhderr.as_140124  140124  99kb
/home/artur/school/DO4_LinuxMonitoring_v2.0-1/src/test/test2/test2 2/hhhhhhhhhhhhhhhhhhhhhhhhhhhhhhhhhhhhhhhhhhhhhhhhhhhhhhhhhhhhhhhhhhhhhhhhhhhhhhhhderr.as_140124  140124  99kb
/home/artur/school/DO4_LinuxMonitoring_v2.0-1/src/test/test2/test2 2/hhhhhhhhhhhhhhhhhhhhhhhhhhhhhhhhhhhhhhhhhhhhhhhhhhhhhhhhhhhhhhhhhhhhhhhhhhhhhhhhhderr.as_140124  140124  99kb
/home/artur/school/DO4_LinuxMonitoring_v2.0-1/src/test/test2/test2 2/hhhhhhhhhhhhhhhhhhhhhhhhhhhhhhhhhhhhhhhhhhhhhhhhhhhhhhhhhhhhhhhhhhhhhhhhhhhhhhhhhhderr.as_140124  140124  99kb
/home/artur/school/DO4_LinuxMonitoring_v2.0-1/src/test/test2/test2 2/hhhhhhhhhhhhhhhhhhhhhhhhhhhhhhhhhhhhhhhhhhhhhhhhhhhhhhhhhhhhhhhhhhhhhhhhhhhhhhhhhhhderr.as_140124  140124  99kb
/home/artur/school/DO4_LinuxMonitoring_v2.0-1/src/test/test2/test2 2/hhhhhhhhhhhhhhhhhhhhhhhhhhhhhhhhhhhhhhhhhhhhhhhhhhhhhhhhhhhhhhhhhhhhhhhhhhhhhhhhhhhhderr.as_140124  140124  99kb
/home/artur/school/DO4_LinuxMonitoring_v2.0-1/src/test/test2/test2 2/aaabccc_140124/aaaaaaaaaaaaaaaaaaabccc_140124
/home/artur/school/DO4_LinuxMonitoring_v2.0-1/src/test/test2/test2 2/aaabccc_140124/hhhhhhhhhhhhhhhhhhhhhhhhhhhhhhhhhhhhhhhhhhhhhhhhhhhhhhhhhhhhhhhhhhhhhhhhhhhhhhhhhhhhhderr.as_140124  140124  99kb
/home/artur/school/DO4_LinuxMonitoring_v2.0-1/src/test/test4/aaaaaaaaaaaaaaaaaaaabccc_140124
/home/artur/school/DO4_LinuxMonitoring_v2.0-1/src/test/test4/hhhhhhhhhhhhhhhhhhhhhhhhhhhhhhhhhhhhhhhhhhhhhhhhhhhhhhhhhhhhhhhhhhhhhhhhhhhhhhhhhhhhhhderr.as_140124  140124  99kb
/home/artur/school/DO4_LinuxMonitoring_v2.0-1/src/test/test4/hhhhhhhhhhhhhhhhhhhhhhhhhhhhhhhhhhhhhhhhhhhhhhhhhhhhhhhhhhhhhhhhhhhhhhhhhhhhhhhhhhhhhhhderr.as_140124  140124  99kb
/home/artur/school/DO4_LinuxMonitoring_v2.0-1/src/test/test4/hhhhhhhhhhhhhhhhhhhhhhhhhhhhhhhhhhhhhhhhhhhhhhhhhhhhhhhhhhhhhhhhhhhhhhhhhhhhhhhhhhhhhhhhderr.as_140124  140124  99kb
